<?xml version="1.0" encoding="UTF-8"?>
<coverage generated="1723128350">
  <project timestamp="1723128350">
    <file name="/var/www/src/Controller/CartController.php">
      <class name="App\Controller\CartController" namespace="global">
        <metrics complexity="10" methods="6" coveredmethods="6" conditionals="0" coveredconditionals="0" statements="24" coveredstatements="24" elements="30" coveredelements="30"/>
      </class>
      <line num="22" type="method" name="__construct" visibility="public" complexity="1" crap="1" count="24"/>
      <line num="24" type="stmt" count="24"/>
      <line num="25" type="stmt" count="24"/>
      <line num="28" type="method" name="create" visibility="public" complexity="1" crap="1" count="7"/>
      <line num="31" type="stmt" count="7"/>
      <line num="33" type="stmt" count="7"/>
      <line num="36" type="method" name="view" visibility="public" complexity="2" crap="2" count="4"/>
      <line num="40" type="stmt" count="4"/>
      <line num="42" type="stmt" count="2"/>
      <line num="43" type="stmt" count="2"/>
      <line num="44" type="stmt" count="2"/>
      <line num="46" type="stmt" count="2"/>
      <line num="50" type="method" name="addItem" visibility="public" complexity="2" crap="2" count="8"/>
      <line num="54" type="stmt" count="8"/>
      <line num="56" type="stmt" count="4"/>
      <line num="57" type="stmt" count="4"/>
      <line num="58" type="stmt" count="4"/>
      <line num="60" type="stmt" count="4"/>
      <line num="64" type="method" name="updateItem" visibility="public" complexity="2" crap="2" count="4"/>
      <line num="71" type="stmt" count="4"/>
      <line num="73" type="stmt" count="2"/>
      <line num="74" type="stmt" count="2"/>
      <line num="75" type="stmt" count="2"/>
      <line num="77" type="stmt" count="2"/>
      <line num="81" type="method" name="removeItem" visibility="public" complexity="2" crap="2" count="4"/>
      <line num="85" type="stmt" count="4"/>
      <line num="87" type="stmt" count="2"/>
      <line num="88" type="stmt" count="2"/>
      <line num="89" type="stmt" count="2"/>
      <line num="91" type="stmt" count="2"/>
      <metrics loc="95" ncloc="95" classes="1" methods="6" coveredmethods="6" conditionals="0" coveredconditionals="0" statements="24" coveredstatements="24" elements="30" coveredelements="30"/>
    </file>
    <file name="/var/www/src/Entity/Cart.php">
      <class name="App\Entity\Cart" namespace="global">
        <metrics complexity="5" methods="5" coveredmethods="5" conditionals="0" coveredconditionals="0" statements="6" coveredstatements="6" elements="11" coveredelements="11"/>
      </class>
      <line num="35" type="method" name="__construct" visibility="public" complexity="1" crap="1" count="22"/>
      <line num="37" type="stmt" count="22"/>
      <line num="38" type="stmt" count="22"/>
      <line num="41" type="method" name="getId" visibility="public" complexity="1" crap="1" count="15"/>
      <line num="43" type="stmt" count="15"/>
      <line num="46" type="method" name="setCreatedAt" visibility="public" complexity="1" crap="1" count="3"/>
      <line num="48" type="stmt" count="3"/>
      <line num="51" type="method" name="getCreatedAt" visibility="public" complexity="1" crap="1" count="11"/>
      <line num="53" type="stmt" count="11"/>
      <line num="59" type="method" name="getCartItems" visibility="public" complexity="1" crap="1" count="9"/>
      <line num="61" type="stmt" count="9"/>
      <metrics loc="64" ncloc="58" classes="1" methods="5" coveredmethods="5" conditionals="0" coveredconditionals="0" statements="6" coveredstatements="6" elements="11" coveredelements="11"/>
    </file>
    <file name="/var/www/src/Entity/CartItem.php">
      <class name="App\Entity\CartItem" namespace="global">
        <metrics complexity="7" methods="7" coveredmethods="7" conditionals="0" coveredconditionals="0" statements="10" coveredstatements="10" elements="17" coveredelements="17"/>
      </class>
      <line num="33" type="method" name="getId" visibility="public" complexity="1" crap="1" count="7"/>
      <line num="35" type="stmt" count="7"/>
      <line num="38" type="method" name="setproduct" visibility="public" complexity="1" crap="1" count="8"/>
      <line num="40" type="stmt" count="8"/>
      <line num="42" type="stmt" count="8"/>
      <line num="45" type="method" name="getproduct" visibility="public" complexity="1" crap="1" count="6"/>
      <line num="47" type="stmt" count="6"/>
      <line num="50" type="method" name="setQuantity" visibility="public" complexity="1" crap="1" count="9"/>
      <line num="52" type="stmt" count="9"/>
      <line num="54" type="stmt" count="9"/>
      <line num="57" type="method" name="getQuantity" visibility="public" complexity="1" crap="1" count="8"/>
      <line num="59" type="stmt" count="8"/>
      <line num="62" type="method" name="setCart" visibility="public" complexity="1" crap="1" count="8"/>
      <line num="64" type="stmt" count="8"/>
      <line num="66" type="stmt" count="8"/>
      <line num="69" type="method" name="getCart" visibility="public" complexity="1" crap="1" count="6"/>
      <line num="71" type="stmt" count="6"/>
      <metrics loc="74" ncloc="74" classes="1" methods="7" coveredmethods="7" conditionals="0" coveredconditionals="0" statements="10" coveredstatements="10" elements="17" coveredelements="17"/>
    </file>
    <file name="/var/www/src/Entity/Product.php">
      <class name="App\Entity\Product" namespace="global">
        <metrics complexity="5" methods="5" coveredmethods="5" conditionals="0" coveredconditionals="0" statements="7" coveredstatements="7" elements="12" coveredelements="12"/>
      </class>
      <line num="29" type="method" name="getId" visibility="public" complexity="1" crap="1" count="7"/>
      <line num="31" type="stmt" count="7"/>
      <line num="34" type="method" name="setName" visibility="public" complexity="1" crap="1" count="7"/>
      <line num="36" type="stmt" count="7"/>
      <line num="38" type="stmt" count="7"/>
      <line num="41" type="method" name="getName" visibility="public" complexity="1" crap="1" count="4"/>
      <line num="43" type="stmt" count="4"/>
      <line num="46" type="method" name="setPrice" visibility="public" complexity="1" crap="1" count="7"/>
      <line num="48" type="stmt" count="7"/>
      <line num="50" type="stmt" count="7"/>
      <line num="53" type="method" name="getPrice" visibility="public" complexity="1" crap="1" count="4"/>
      <line num="55" type="stmt" count="4"/>
      <metrics loc="58" ncloc="58" classes="1" methods="5" coveredmethods="5" conditionals="0" coveredconditionals="0" statements="7" coveredstatements="7" elements="12" coveredelements="12"/>
    </file>
    <file name="/var/www/src/Exception/CartItemNotFoundException.php">
      <class name="App\Exception\CartItemNotFoundException" namespace="global">
        <metrics complexity="1" methods="1" coveredmethods="1" conditionals="0" coveredconditionals="0" statements="1" coveredstatements="1" elements="2" coveredelements="2"/>
      </class>
      <line num="7" type="method" name="__construct" visibility="public" complexity="1" crap="1" count="11"/>
      <line num="9" type="stmt" count="11"/>
      <metrics loc="12" ncloc="12" classes="1" methods="1" coveredmethods="1" conditionals="0" coveredconditionals="0" statements="1" coveredstatements="1" elements="2" coveredelements="2"/>
    </file>
    <file name="/var/www/src/Exception/CartNotFoundException.php">
      <class name="App\Exception\CartNotFoundException" namespace="global">
        <metrics complexity="1" methods="1" coveredmethods="1" conditionals="0" coveredconditionals="0" statements="1" coveredstatements="1" elements="2" coveredelements="2"/>
      </class>
      <line num="7" type="method" name="__construct" visibility="public" complexity="1" crap="1" count="11"/>
      <line num="9" type="stmt" count="11"/>
      <metrics loc="12" ncloc="12" classes="1" methods="1" coveredmethods="1" conditionals="0" coveredconditionals="0" statements="1" coveredstatements="1" elements="2" coveredelements="2"/>
    </file>
    <file name="/var/www/src/Exception/ProductNotFoundException.php">
      <class name="App\Exception\ProductNotFoundException" namespace="global">
        <metrics complexity="1" methods="1" coveredmethods="1" conditionals="0" coveredconditionals="0" statements="1" coveredstatements="1" elements="2" coveredelements="2"/>
      </class>
      <line num="7" type="method" name="__construct" visibility="public" complexity="1" crap="1" count="7"/>
      <line num="9" type="stmt" count="7"/>
      <metrics loc="12" ncloc="12" classes="1" methods="1" coveredmethods="1" conditionals="0" coveredconditionals="0" statements="1" coveredstatements="1" elements="2" coveredelements="2"/>
    </file>
    <file name="/var/www/src/Kernel.php">
      <class name="App\Kernel" namespace="global">
        <metrics complexity="0" methods="0" coveredmethods="0" conditionals="0" coveredconditionals="0" statements="0" coveredstatements="0" elements="0" coveredelements="0"/>
      </class>
      <metrics loc="12" ncloc="12" classes="0" methods="0" coveredmethods="0" conditionals="0" coveredconditionals="0" statements="0" coveredstatements="0" elements="0" coveredelements="0"/>
    </file>
    <file name="/var/www/src/Repository/CartItemRepository.php">
      <class name="App\Repository\CartItemRepository" namespace="global">
        <metrics complexity="3" methods="3" coveredmethods="3" conditionals="0" coveredconditionals="0" statements="8" coveredstatements="8" elements="11" coveredelements="11"/>
      </class>
      <line num="14" type="method" name="__construct" visibility="public" complexity="1" crap="1" count="25"/>
      <line num="16" type="stmt" count="25"/>
      <line num="23" type="method" name="save" visibility="public" complexity="1" crap="1" count="7"/>
      <line num="25" type="stmt" count="7"/>
      <line num="26" type="stmt" count="7"/>
      <line num="27" type="stmt" count="7"/>
      <line num="29" type="stmt" count="7"/>
      <line num="32" type="method" name="removeCartItem" visibility="public" complexity="1" crap="1" count="3"/>
      <line num="34" type="stmt" count="3"/>
      <line num="36" type="stmt" count="3"/>
      <line num="37" type="stmt" count="3"/>
      <metrics loc="40" ncloc="33" classes="1" methods="3" coveredmethods="3" conditionals="0" coveredconditionals="0" statements="8" coveredstatements="8" elements="11" coveredelements="11"/>
    </file>
    <file name="/var/www/src/Repository/CartRepository.php">
      <class name="App\Repository\CartRepository" namespace="global">
        <metrics complexity="2" methods="2" coveredmethods="2" conditionals="0" coveredconditionals="0" statements="5" coveredstatements="5" elements="7" coveredelements="7"/>
      </class>
      <line num="14" type="method" name="__construct" visibility="public" complexity="1" crap="1" count="25"/>
      <line num="16" type="stmt" count="25"/>
      <line num="23" type="method" name="save" visibility="public" complexity="1" crap="1" count="13"/>
      <line num="25" type="stmt" count="13"/>
      <line num="26" type="stmt" count="13"/>
      <line num="27" type="stmt" count="13"/>
      <line num="29" type="stmt" count="13"/>
      <metrics loc="32" ncloc="25" classes="1" methods="2" coveredmethods="2" conditionals="0" coveredconditionals="0" statements="5" coveredstatements="5" elements="7" coveredelements="7"/>
    </file>
    <file name="/var/www/src/Request/AddItemRequest.php">
      <class name="App\Request\AddItemRequest" namespace="global">
        <metrics complexity="1" methods="1" coveredmethods="1" conditionals="0" coveredconditionals="0" statements="1" coveredstatements="1" elements="2" coveredelements="2"/>
      </class>
      <line num="9" type="method" name="__construct" visibility="public" complexity="1" crap="1" count="19"/>
      <line num="17" type="stmt" count="19"/>
      <metrics loc="19" ncloc="19" classes="1" methods="1" coveredmethods="1" conditionals="0" coveredconditionals="0" statements="1" coveredstatements="1" elements="2" coveredelements="2"/>
    </file>
    <file name="/var/www/src/Request/UpdateCartItemRequest.php">
      <class name="App\Request\UpdateCartItemRequest" namespace="global">
        <metrics complexity="1" methods="1" coveredmethods="1" conditionals="0" coveredconditionals="0" statements="1" coveredstatements="1" elements="2" coveredelements="2"/>
      </class>
      <line num="9" type="method" name="__construct" visibility="public" complexity="1" crap="1" count="11"/>
      <line num="13" type="stmt" count="11"/>
      <metrics loc="15" ncloc="15" classes="1" methods="1" coveredmethods="1" conditionals="0" coveredconditionals="0" statements="1" coveredstatements="1" elements="2" coveredelements="2"/>
    </file>
    <file name="/var/www/src/Service/CartService.php">
      <class name="App\Service\CartService" namespace="global">
        <metrics complexity="12" methods="8" coveredmethods="8" conditionals="0" coveredconditionals="0" statements="31" coveredstatements="31" elements="39" coveredelements="39"/>
      </class>
      <line num="27" type="method" name="__construct" visibility="public" complexity="1" crap="1" count="34"/>
      <line num="32" type="stmt" count="34"/>
      <line num="33" type="stmt" count="34"/>
      <line num="34" type="stmt" count="34"/>
      <line num="40" type="method" name="createCart" visibility="public" complexity="1" crap="1" count="13"/>
      <line num="42" type="stmt" count="13"/>
      <line num="44" type="stmt" count="13"/>
      <line num="52" type="method" name="getCart" visibility="public" complexity="1" crap="1" count="6"/>
      <line num="54" type="stmt" count="6"/>
      <line num="65" type="method" name="addItemToCart" visibility="public" complexity="2" crap="2" count="13"/>
      <line num="67" type="stmt" count="13"/>
      <line num="68" type="stmt" count="10"/>
      <line num="70" type="stmt" count="10"/>
      <line num="71" type="stmt" count="3"/>
      <line num="74" type="stmt" count="7"/>
      <line num="75" type="stmt" count="7"/>
      <line num="76" type="stmt" count="7"/>
      <line num="77" type="stmt" count="7"/>
      <line num="79" type="stmt" count="7"/>
      <line num="81" type="stmt" count="7"/>
      <line num="89" type="method" name="removeCartItem" visibility="public" complexity="1" crap="1" count="6"/>
      <line num="91" type="stmt" count="6"/>
      <line num="92" type="stmt" count="3"/>
      <line num="94" type="stmt" count="3"/>
      <line num="103" type="method" name="updateCartItem" visibility="public" complexity="2" crap="2" count="6"/>
      <line num="105" type="stmt" count="6"/>
      <line num="107" type="stmt" count="3"/>
      <line num="108" type="stmt" count="3"/>
      <line num="111" type="stmt" count="3"/>
      <line num="119" type="method" name="getCartOrThrow" visibility="private" complexity="2" crap="2" count="19"/>
      <line num="121" type="stmt" count="19"/>
      <line num="122" type="stmt" count="19"/>
      <line num="123" type="stmt" count="6"/>
      <line num="125" type="stmt" count="13"/>
      <line num="133" type="method" name="getCartItemOrThrow" visibility="private" complexity="2" crap="2" count="12"/>
      <line num="135" type="stmt" count="12"/>
      <line num="136" type="stmt" count="12"/>
      <line num="137" type="stmt" count="6"/>
      <line num="139" type="stmt" count="6"/>
      <metrics loc="142" ncloc="105" classes="1" methods="8" coveredmethods="8" conditionals="0" coveredconditionals="0" statements="31" coveredstatements="31" elements="39" coveredelements="39"/>
    </file>
    <metrics files="13" loc="587" ncloc="530" classes="12" methods="41" coveredmethods="41" conditionals="0" coveredconditionals="0" statements="96" coveredstatements="96" elements="137" coveredelements="137"/>
  </project>
</coverage>
